<?xml version="1.0" encoding="UTF-8"?>
<testsuite xmlns:xsi="http://www.w3.org/2001/XMLSchema-instance" xsi:noNamespaceSchemaLocation="https://maven.apache.org/surefire/maven-surefire-plugin/xsd/surefire-test-report-3.0.xsd" version="3.0" name="com.badhabinot.backend.service.monitoring.GroundedChatServiceTest" time="0.391" tests="3" errors="0" skipped="0" failures="0">
  <properties>
[...]
</properties>
  <testcase name="chatRejectsConversationThatDoesNotBelongToUser" classname="com.badhabinot.backend.service.monitoring.GroundedChatServiceTest" time="0.245"/>
  <testcase name="chatPersistsUserAndAssistantMessagesWithGroundedMetadata" classname="com.badhabinot.backend.service.monitoring.GroundedChatServiceTest" time="0.126"/>
  <testcase name="historyReturnsEmptyWhenUserHasNoConversation" classname="com.badhabinot.backend.service.monitoring.GroundedChatServiceTest" time="0.017"/>
</testsuite>